2025-06-30 13:02:04 INFO  BOOT - 

=========== NEW SESSION [2025-06-30T13:02:04.506822300] ===========

2025-06-30 13:02:05 INFO  c.gym.crm.app.storage.CommonStorage - Initializing storage
2025-06-30 13:02:05 INFO  c.g.c.app.storage.JsonStorageHandler - Loading entities from file src/main/resources/storage.json
2025-06-30 13:02:06 INFO  c.g.c.app.storage.JsonStorageHandler - Loaded 5 trainers, 5 trainees and 6 trainings from file
2025-06-30 13:02:06 INFO  com.gym.crm.app.Main - Application started
2025-06-30 13:02:06 INFO  c.gym.crm.app.storage.CommonStorage - Saving storage to disk
2025-06-30 13:02:06 INFO  c.g.c.app.storage.JsonStorageHandler - Storage successfully saved to src/main/resources/storage.json
2025-06-30 13:02:06 INFO  com.gym.crm.app.Main - Application stopped
2025-06-30 13:02:10 INFO  BOOT - 

=========== NEW SESSION [2025-06-30T13:02:10.428498300] ===========

2025-06-30 13:02:11 INFO  c.gym.crm.app.storage.CommonStorage - Initializing storage
2025-06-30 13:02:11 INFO  c.g.c.app.storage.JsonStorageHandler - Loading entities from file src/main/resources/storage.json
2025-06-30 13:02:11 INFO  c.g.c.app.storage.JsonStorageHandler - Loaded 5 trainers, 5 trainees and 6 trainings from file
2025-06-30 13:02:12 INFO  com.gym.crm.app.Main - Application started
2025-06-30 13:02:12 INFO  c.gym.crm.app.storage.CommonStorage - Saving storage to disk
2025-06-30 13:02:12 INFO  c.g.c.app.storage.JsonStorageHandler - Storage successfully saved to src/main/resources/storage.json
2025-06-30 13:02:12 INFO  com.gym.crm.app.Main - Application stopped
2025-06-30 13:02:17 INFO  BOOT - 

=========== NEW SESSION [2025-06-30T13:02:17.101123500] ===========

2025-06-30 13:02:18 INFO  c.gym.crm.app.storage.CommonStorage - Initializing storage
2025-06-30 13:02:18 INFO  c.g.c.app.storage.JsonStorageHandler - Loading entities from file src/main/resources/storage.json
2025-06-30 13:02:18 INFO  c.g.c.app.storage.JsonStorageHandler - Loaded 5 trainers, 5 trainees and 6 trainings from file
2025-06-30 13:02:18 INFO  com.gym.crm.app.Main - Application started
2025-06-30 13:02:18 INFO  c.gym.crm.app.storage.CommonStorage - Saving storage to disk
2025-06-30 13:02:18 INFO  c.g.c.app.storage.JsonStorageHandler - Storage successfully saved to src/main/resources/storage.json
2025-06-30 13:02:18 INFO  com.gym.crm.app.Main - Application stopped
2025-06-30 13:17:13 INFO  o.s.t.c.s.DefaultTestContextBootstrapper - Loaded default TestExecutionListener class names from location [META-INF/spring.factories]: [org.springframework.test.context.web.ServletTestExecutionListener, org.springframework.test.context.support.DirtiesContextBeforeModesTestExecutionListener, org.springframework.test.context.event.ApplicationEventsTestExecutionListener, org.springframework.test.context.support.DependencyInjectionTestExecutionListener, org.springframework.test.context.support.DirtiesContextTestExecutionListener, org.springframework.test.context.transaction.TransactionalTestExecutionListener, org.springframework.test.context.jdbc.SqlScriptsTestExecutionListener, org.springframework.test.context.event.EventPublishingTestExecutionListener]
2025-06-30 13:17:13 INFO  o.s.t.c.s.DefaultTestContextBootstrapper - Using TestExecutionListeners: [org.springframework.test.context.support.DirtiesContextBeforeModesTestExecutionListener@50fb33a, org.springframework.test.context.event.ApplicationEventsTestExecutionListener@2cae9b8, org.springframework.test.context.support.DependencyInjectionTestExecutionListener@1457fde, org.springframework.test.context.support.DirtiesContextTestExecutionListener@6f94fb9d, org.springframework.test.context.event.EventPublishingTestExecutionListener@17fa1336]
2025-06-30 13:17:14 INFO  c.gym.crm.app.storage.CommonStorage - Initializing storage
2025-06-30 13:17:14 INFO  c.g.c.app.storage.JsonStorageHandler - Loading entities from file src/main/resources/storage.json
2025-06-30 13:17:14 INFO  c.g.c.app.storage.JsonStorageHandler - Loaded 5 trainers, 5 trainees and 6 trainings from file
2025-06-30 13:17:14 WARN  c.g.c.a.r.impl.TraineeRepositoryImpl - Trainee with username Alice.Smith already exists
2025-06-30 13:17:14 WARN  c.g.c.a.r.impl.TraineeRepositoryImpl - Trainee with username Bob.Williams already exists
2025-06-30 13:17:14 WARN  c.g.c.a.r.impl.TraineeRepositoryImpl - Trainee with username Carol.Johnson already exists
2025-06-30 13:17:14 WARN  c.g.c.a.r.impl.TraineeRepositoryImpl - Trainee with username David.Brown already exists
2025-06-30 13:17:14 WARN  c.g.c.a.r.impl.TraineeRepositoryImpl - Trainee with username Eva.Davis already exists
2025-06-30 13:17:14 WARN  c.g.c.a.r.impl.TraineeRepositoryImpl - Trainee with username John.Dou does`t exist
2025-06-30 13:17:14 WARN  c.g.c.a.r.impl.TrainerRepositoryImpl - Trainer with username John.Dou does`t exist
2025-06-30 13:17:14 WARN  c.g.c.a.r.impl.TrainerRepositoryImpl - Trainer with username Sophie.Taylor already exists
2025-06-30 13:17:14 WARN  c.g.c.a.r.impl.TrainerRepositoryImpl - Trainer with username Liam.Johnson already exists
2025-06-30 13:17:14 WARN  c.g.c.a.r.impl.TrainerRepositoryImpl - Trainer with username Olivia.Brown already exists
2025-06-30 13:17:14 WARN  c.g.c.a.r.impl.TrainerRepositoryImpl - Trainer with username James.Wilson already exists
2025-06-30 13:17:14 WARN  c.g.c.a.r.impl.TrainerRepositoryImpl - Trainer with username Emily.Clark already exists
2025-06-30 13:17:14 WARN  c.g.c.a.r.i.TrainingRepositoryImpl - Training with trainerId 321 and traineeId 654 already exists
2025-06-30 13:17:14 WARN  c.g.c.a.r.i.TrainingRepositoryImpl - Training with trainerId 204 and traineeId 121 already exists
2025-06-30 13:17:14 WARN  c.g.c.a.r.i.TrainingRepositoryImpl - Training with trainerId 205 and traineeId 122 already exists
2025-06-30 13:17:14 WARN  c.g.c.a.r.i.TrainingRepositoryImpl - Training with trainerId 206 and traineeId 123 already exists
2025-06-30 13:17:14 WARN  c.g.c.a.r.i.TrainingRepositoryImpl - Training with trainerId 207 and traineeId 124 already exists
2025-06-30 13:17:15 WARN  c.g.c.a.r.i.TrainingRepositoryImpl - Training with trainerId 4567 and traineeId 123 does`t exist
2025-06-30 13:17:15 INFO  c.g.c.a.s.impl.TraineeServiceImpl - Adding trainee with username Alice.Smith
2025-06-30 13:17:15 INFO  c.g.c.a.s.impl.TraineeServiceImpl - Trainee Alice.Smith successfully added
2025-06-30 13:17:15 INFO  c.g.c.a.s.impl.TraineeServiceImpl - Adding trainee with username Bob.Williams
2025-06-30 13:17:15 INFO  c.g.c.a.s.impl.TraineeServiceImpl - Trainee Bob.Williams successfully added
2025-06-30 13:17:15 INFO  c.g.c.a.s.impl.TraineeServiceImpl - Adding trainee with username Carol.Johnson
2025-06-30 13:17:15 INFO  c.g.c.a.s.impl.TraineeServiceImpl - Trainee Carol.Johnson successfully added
2025-06-30 13:17:15 INFO  c.g.c.a.s.impl.TraineeServiceImpl - Adding trainee with username David.Brown
2025-06-30 13:17:15 INFO  c.g.c.a.s.impl.TraineeServiceImpl - Trainee David.Brown successfully added
2025-06-30 13:17:15 INFO  c.g.c.a.s.impl.TraineeServiceImpl - Adding trainee with username Eva.Davis
2025-06-30 13:17:15 INFO  c.g.c.a.s.impl.TraineeServiceImpl - Trainee Eva.Davis successfully added
2025-06-30 13:17:15 INFO  c.g.c.a.s.impl.TraineeServiceImpl - Trainee Alice.Smith updated
2025-06-30 13:17:15 INFO  c.g.c.a.s.impl.TraineeServiceImpl - Trainee Bob.Williams updated
2025-06-30 13:17:15 INFO  c.g.c.a.s.impl.TraineeServiceImpl - Trainee Carol.Johnson updated
2025-06-30 13:17:15 INFO  c.g.c.a.s.impl.TraineeServiceImpl - Trainee David.Brown updated
2025-06-30 13:17:15 INFO  c.g.c.a.s.impl.TraineeServiceImpl - Trainee Eva.Davis updated
2025-06-30 13:17:15 INFO  c.g.c.a.s.impl.TrainerServiceImpl - Trainer Sophie.Taylor updated
2025-06-30 13:17:15 INFO  c.g.c.a.s.impl.TrainerServiceImpl - Trainer Liam.Johnson updated
2025-06-30 13:17:15 INFO  c.g.c.a.s.impl.TrainerServiceImpl - Trainer Olivia.Brown updated
2025-06-30 13:17:15 INFO  c.g.c.a.s.impl.TrainerServiceImpl - Trainer James.Wilson updated
2025-06-30 13:17:15 INFO  c.g.c.a.s.impl.TrainerServiceImpl - Trainer Emily.Clark updated
2025-06-30 13:17:15 INFO  c.g.c.a.s.impl.TrainerServiceImpl - Adding trainer with username Sophie.Taylor
2025-06-30 13:17:15 INFO  c.g.c.a.s.impl.TrainerServiceImpl - Trainer Sophie.Taylor successfully added
2025-06-30 13:17:15 INFO  c.g.c.a.s.impl.TrainerServiceImpl - Adding trainer with username Liam.Johnson
2025-06-30 13:17:15 INFO  c.g.c.a.s.impl.TrainerServiceImpl - Trainer Liam.Johnson successfully added
2025-06-30 13:17:15 INFO  c.g.c.a.s.impl.TrainerServiceImpl - Adding trainer with username Olivia.Brown
2025-06-30 13:17:15 INFO  c.g.c.a.s.impl.TrainerServiceImpl - Trainer Olivia.Brown successfully added
2025-06-30 13:17:15 INFO  c.g.c.a.s.impl.TrainerServiceImpl - Adding trainer with username James.Wilson
2025-06-30 13:17:15 INFO  c.g.c.a.s.impl.TrainerServiceImpl - Trainer James.Wilson successfully added
2025-06-30 13:17:15 INFO  c.g.c.a.s.impl.TrainerServiceImpl - Adding trainer with username Emily.Clark
2025-06-30 13:17:15 INFO  c.g.c.a.s.impl.TrainerServiceImpl - Trainer Emily.Clark successfully added
2025-06-30 13:17:15 INFO  c.g.c.a.s.impl.TrainingServiceImpl - Adding training for trainer 321 and trainee 654 on 2025-06-28
2025-06-30 13:17:15 INFO  c.g.c.a.s.impl.TrainingServiceImpl - Training successfully added for trainer 321 and trainee 654 on 2025-06-28
2025-06-30 13:17:15 INFO  c.g.c.a.s.impl.TrainingServiceImpl - Adding training for trainer 204 and trainee 121 on 2025-06-27
2025-06-30 13:17:15 INFO  c.g.c.a.s.impl.TrainingServiceImpl - Training successfully added for trainer 204 and trainee 121 on 2025-06-27
2025-06-30 13:17:15 INFO  c.g.c.a.s.impl.TrainingServiceImpl - Adding training for trainer 205 and trainee 122 on 2025-06-26
2025-06-30 13:17:15 INFO  c.g.c.a.s.impl.TrainingServiceImpl - Training successfully added for trainer 205 and trainee 122 on 2025-06-26
2025-06-30 13:17:15 INFO  c.g.c.a.s.impl.TrainingServiceImpl - Adding training for trainer 206 and trainee 123 on 2025-06-25
2025-06-30 13:17:15 INFO  c.g.c.a.s.impl.TrainingServiceImpl - Training successfully added for trainer 206 and trainee 123 on 2025-06-25
2025-06-30 13:17:15 INFO  c.g.c.a.s.impl.TrainingServiceImpl - Adding training for trainer 207 and trainee 124 on 2025-06-24
2025-06-30 13:17:15 INFO  c.g.c.a.s.impl.TrainingServiceImpl - Training successfully added for trainer 207 and trainee 124 on 2025-06-24
2025-06-30 13:17:15 INFO  c.g.c.a.s.impl.TrainingServiceImpl - Training for trainer 321 and trainee 654 on 2025-06-28 updated
2025-06-30 13:17:15 INFO  c.g.c.a.s.impl.TrainingServiceImpl - Training for trainer 204 and trainee 121 on 2025-06-27 updated
2025-06-30 13:17:15 INFO  c.g.c.a.s.impl.TrainingServiceImpl - Training for trainer 205 and trainee 122 on 2025-06-26 updated
2025-06-30 13:17:15 INFO  c.g.c.a.s.impl.TrainingServiceImpl - Training for trainer 206 and trainee 123 on 2025-06-25 updated
2025-06-30 13:17:15 INFO  c.g.c.a.s.impl.TrainingServiceImpl - Training for trainer 207 and trainee 124 on 2025-06-24 updated
2025-06-30 13:17:15 INFO  c.g.c.app.storage.JsonStorageHandler - Loading entities from file C:\Users\AlexM\IdeaProjects\Gym_CRM_APP\target\classes\storage.json
2025-06-30 13:17:15 INFO  c.g.c.app.storage.JsonStorageHandler - Loaded 5 trainers, 5 trainees and 6 trainings from file
2025-06-30 13:17:15 INFO  c.gym.crm.app.storage.CommonStorage - Saving storage to disk
2025-06-30 13:17:15 INFO  c.g.c.app.storage.JsonStorageHandler - Storage successfully saved to src/main/resources/storage.json
2025-06-30 13:17:28 INFO  BOOT - 

=========== NEW SESSION [2025-06-30T13:17:28.050611500] ===========

2025-06-30 13:17:29 INFO  c.gym.crm.app.storage.CommonStorage - Initializing storage
2025-06-30 13:17:29 INFO  c.g.c.app.storage.JsonStorageHandler - Loading entities from file src/main/resources/storage.json
2025-06-30 13:17:29 INFO  c.g.c.app.storage.JsonStorageHandler - Loaded 5 trainers, 5 trainees and 6 trainings from file
2025-06-30 13:17:29 INFO  com.gym.crm.app.Main - Application started
2025-06-30 13:17:29 INFO  c.gym.crm.app.storage.CommonStorage - Saving storage to disk
2025-06-30 13:17:29 INFO  c.g.c.app.storage.JsonStorageHandler - Storage successfully saved to src/main/resources/storage.json
2025-06-30 13:17:29 INFO  com.gym.crm.app.Main - Application stopped
